<beans xmlns="http://www.springframework.org/schema/beans"
       xmlns:xsi="http://www.w3.org/2001/XMLSchema-instance"
       xsi:schemaLocation="http://www.springframework.org/schema/beans
       http://www.springframework.org/schema/beans/spring-beans-3.2.xsd">


    <!-- IMPORT -->
    <import resource="validator-codelist.xml"/>
    <import resource="validator-vlad.xml"/>

    <bean id="controlCenter" class="com.kosoj.validator.dummy.ControlCenter"/>

</beans>
