<beans xmlns="http://www.springframework.org/schema/beans"
       xmlns:xsi="http://www.w3.org/2001/XMLSchema-instance"
       xsi:schemaLocation="http://www.springframework.org/schema/beans
       http://www.springframework.org/schema/beans/spring-beans-3.2.xsd">


    <!-- IMPORT -->
    <import resource="test-validator-app.xml"/>

    <!-- CUSTOM -->
    <bean id="validations" parent="baseValidations">
        <property name="sourceList">
            <list merge="true">
                <value>META-INF/validation/vlad/vlad-entity-fr.xml</value>
                <value>META-INF/validation/vlad/vlad-user-fr.xml</value>
            </list>
        </property>
    </bean>


</beans>
